Flow report for model8
Wed Oct 23 21:00:04 2024
Quartus II 64-Bit Version 9.1 Build 222 10/21/2009 SJ Full Version


---------------------
; Table of Contents ;
---------------------
  1. Legal Notice
  2. Flow Summary
  3. Flow Settings
  4. Flow Non-Default Global Settings
  5. Flow Elapsed Time
  6. Flow OS Summary
  7. Flow Log



----------------
; Legal Notice ;
----------------
Copyright (C) 1991-2009 Altera Corporation
Your use of Altera Corporation's design tools, logic functions 
and other software and tools, and its AMPP partner logic 
functions, and any output files from any of the foregoing 
(including device programming or simulation files), and any 
associated documentation or information are expressly subject 
to the terms and conditions of the Altera Program License 
Subscription Agreement, Altera MegaCore Function License 
Agreement, or other applicable license agreement, including, 
without limitation, that your use is for the sole purpose of 
programming logic devices manufactured by Altera and sold by 
Altera or its authorized distributors.  Please refer to the 
applicable agreement for further details.



+-------------------------------------------------------------------------------+
; Flow Summary                                                                  ;
+------------------------------------+------------------------------------------+
; Flow Status                        ; Successful - Wed Oct 23 21:00:04 2024    ;
; Quartus II 64-Bit Version          ; 9.1 Build 222 10/21/2009 SJ Full Version ;
; Revision Name                      ; model8                                   ;
; Top-level Entity Name              ; MODEL8                                   ;
; Family                             ; Cyclone II                               ;
; Met timing requirements            ; No                                       ;
; Total logic elements               ; 190 / 4,608 ( 4 % )                      ;
;     Total combinational functions  ; 176 / 4,608 ( 4 % )                      ;
;     Dedicated logic registers      ; 75 / 4,608 ( 2 % )                       ;
; Total registers                    ; 75                                       ;
; Total pins                         ; 62 / 158 ( 39 % )                        ;
; Total virtual pins                 ; 0                                        ;
; Total memory bits                  ; 2,048 / 119,808 ( 2 % )                  ;
; Embedded Multiplier 9-bit elements ; 0 / 26 ( 0 % )                           ;
; Total PLLs                         ; 0 / 2 ( 0 % )                            ;
; Device                             ; EP2C5F256C6                              ;
; Timing Models                      ; Final                                    ;
+------------------------------------+------------------------------------------+


+-----------------------------------------+
; Flow Settings                           ;
+-------------------+---------------------+
; Option            ; Setting             ;
+-------------------+---------------------+
; Start date & time ; 10/23/2024 20:59:57 ;
; Main task         ; Compilation         ;
; Revision Name     ; model8              ;
+-------------------+---------------------+


+-------------------------------------------------------------------------------------------------------------------+
; Flow Non-Default Global Settings                                                                                  ;
+------------------------------------+-------------------------------+---------------+-------------+----------------+
; Assignment Name                    ; Value                         ; Default Value ; Entity Name ; Section Id     ;
+------------------------------------+-------------------------------+---------------+-------------+----------------+
; COMPILER_SIGNATURE_ID              ; 9190536912727.172968839704648 ; --            ; --          ; --             ;
; PARTITION_COLOR                    ; 16764057                      ; --            ; MODEL8      ; Top            ;
; PARTITION_NETLIST_TYPE             ; SOURCE                        ; --            ; MODEL8      ; Top            ;
; USE_GENERATED_PHYSICAL_CONSTRAINTS ; Off                           ; --            ; --          ; eda_blast_fpga ;
+------------------------------------+-------------------------------+---------------+-------------+----------------+


+-----------------------------------------------------------------------------------------------------------------------------+
; Flow Elapsed Time                                                                                                           ;
+-------------------------+--------------+-------------------------+---------------------+------------------------------------+
; Module Name             ; Elapsed Time ; Average Processors Used ; Peak Virtual Memory ; Total CPU Time (on all processors) ;
+-------------------------+--------------+-------------------------+---------------------+------------------------------------+
; Analysis & Synthesis    ; 00:00:02     ; 1.0                     ; 4472 MB             ; 00:00:04                           ;
; Fitter                  ; 00:00:02     ; 1.0                     ; 4512 MB             ; 00:00:05                           ;
; Assembler               ; 00:00:00     ; 1.0                     ; 4376 MB             ; 00:00:00                           ;
; Classic Timing Analyzer ; 00:00:00     ; 1.0                     ; 4347 MB             ; 00:00:01                           ;
; Total                   ; 00:00:04     ; --                      ; --                  ; 00:00:10                           ;
+-------------------------+--------------+-------------------------+---------------------+------------------------------------+


+------------------------------------------------------------------------------------------+
; Flow OS Summary                                                                          ;
+-------------------------+------------------+---------------+------------+----------------+
; Module Name             ; Machine Hostname ; OS Name       ; OS Version ; Processor type ;
+-------------------------+------------------+---------------+------------+----------------+
; Analysis & Synthesis    ; DESKTOP-BQFJASM  ; Windows Vista ; 6.2        ; x86_64         ;
; Fitter                  ; DESKTOP-BQFJASM  ; Windows Vista ; 6.2        ; x86_64         ;
; Assembler               ; DESKTOP-BQFJASM  ; Windows Vista ; 6.2        ; x86_64         ;
; Classic Timing Analyzer ; DESKTOP-BQFJASM  ; Windows Vista ; 6.2        ; x86_64         ;
+-------------------------+------------------+---------------+------------+----------------+


------------
; Flow Log ;
------------
quartus_map --read_settings_files=on --write_settings_files=off model8 -c model8
quartus_fit --read_settings_files=off --write_settings_files=off model8 -c model8
quartus_asm --read_settings_files=off --write_settings_files=off model8 -c model8
quartus_tan --read_settings_files=off --write_settings_files=off model8 -c model8 --timing_analysis_only



